{"/Users/ying.ye/CodeProjects/learnFE/learn_vue3/vuejs/weiyouyi/src/reactivity/baseHandlers.js": {"path":"/Users/ying.ye/CodeProjects/learnFE/learn_vue3/vuejs/weiyouyi/src/reactivity/baseHandlers.js","statementMap":{"0":{"start":{"line":5,"column":12},"end":{"line":5,"column":26}},"1":{"start":{"line":6,"column":12},"end":{"line":6,"column":26}},"2":{"start":{"line":7,"column":19},"end":{"line":7,"column":37}},"3":{"start":{"line":10,"column":4},"end":{"line":20,"column":5}},"4":{"start":{"line":11,"column":20},"end":{"line":11,"column":54}},"5":{"start":{"line":12,"column":8},"end":{"line":12,"column":34}},"6":{"start":{"line":13,"column":8},"end":{"line":18,"column":9}},"7":{"start":{"line":17,"column":12},"end":{"line":17,"column":47}},"8":{"start":{"line":19,"column":8},"end":{"line":19,"column":19}},"9":{"start":{"line":24,"column":4},"end":{"line":29,"column":5}},"10":{"start":{"line":25,"column":23},"end":{"line":25,"column":64}},"11":{"start":{"line":27,"column":8},"end":{"line":27,"column":36}},"12":{"start":{"line":28,"column":8},"end":{"line":28,"column":22}},"13":{"start":{"line":32,"column":31},"end":{"line":35,"column":1}},"14":{"start":{"line":36,"column":38},"end":{"line":39,"column":1}}},"fnMap":{"0":{"name":"createGetter","decl":{"start":{"line":9,"column":9},"end":{"line":9,"column":21}},"loc":{"start":{"line":9,"column":39},"end":{"line":21,"column":1}},"line":9},"1":{"name":"get","decl":{"start":{"line":10,"column":20},"end":{"line":10,"column":23}},"loc":{"start":{"line":10,"column":47},"end":{"line":20,"column":5}},"line":10},"2":{"name":"createSetter","decl":{"start":{"line":23,"column":9},"end":{"line":23,"column":21}},"loc":{"start":{"line":23,"column":24},"end":{"line":30,"column":1}},"line":23},"3":{"name":"set","decl":{"start":{"line":24,"column":20},"end":{"line":24,"column":23}},"loc":{"start":{"line":24,"column":54},"end":{"line":29,"column":5}},"line":24}},"branchMap":{"0":{"loc":{"start":{"line":9,"column":22},"end":{"line":9,"column":37}},"type":"default-arg","locations":[{"start":{"line":9,"column":32},"end":{"line":9,"column":37}}],"line":9},"1":{"loc":{"start":{"line":13,"column":8},"end":{"line":18,"column":9}},"type":"if","locations":[{"start":{"line":13,"column":8},"end":{"line":18,"column":9}},{"start":{},"end":{}}],"line":13},"2":{"loc":{"start":{"line":17,"column":19},"end":{"line":17,"column":46}},"type":"cond-expr","locations":[{"start":{"line":17,"column":28},"end":{"line":17,"column":31}},{"start":{"line":17,"column":33},"end":{"line":17,"column":46}}],"line":17}},"s":{"0":1,"1":1,"2":1,"3":2,"4":9,"5":9,"6":9,"7":0,"8":9,"9":1,"10":2,"11":2,"12":2,"13":1,"14":1},"f":{"0":2,"1":9,"2":1,"3":2},"b":{"0":[1],"1":[0,9],"2":[0,0]},"_coverageSchema":"1a1c01bbd47fc00a2c39e90264f33305004495a9","hash":"5f2478b121ac745f930d3271b029e397e8d386d2"}
,"/Users/ying.ye/CodeProjects/learnFE/learn_vue3/vuejs/weiyouyi/src/reactivity/effect.js": {"path":"/Users/ying.ye/CodeProjects/learnFE/learn_vue3/vuejs/weiyouyi/src/reactivity/effect.js","statementMap":{"0":{"start":{"line":1,"column":18},"end":{"line":1,"column":31}},"1":{"start":{"line":8,"column":4},"end":{"line":8,"column":75}},"2":{"start":{"line":10,"column":18},"end":{"line":10,"column":39}},"3":{"start":{"line":11,"column":4},"end":{"line":14,"column":5}},"4":{"start":{"line":13,"column":8},"end":{"line":13,"column":51}},"5":{"start":{"line":15,"column":15},"end":{"line":15,"column":31}},"6":{"start":{"line":16,"column":4},"end":{"line":18,"column":5}},"7":{"start":{"line":17,"column":8},"end":{"line":17,"column":25}},"8":{"start":{"line":19,"column":4},"end":{"line":22,"column":5}},"9":{"start":{"line":21,"column":8},"end":{"line":21,"column":31}},"10":{"start":{"line":23,"column":4},"end":{"line":23,"column":27}},"11":{"start":{"line":30,"column":4},"end":{"line":30,"column":77}},"12":{"start":{"line":32,"column":20},"end":{"line":32,"column":41}},"13":{"start":{"line":33,"column":4},"end":{"line":35,"column":5}},"14":{"start":{"line":34,"column":8},"end":{"line":34,"column":15}},"15":{"start":{"line":36,"column":17},"end":{"line":36,"column":33}},"16":{"start":{"line":37,"column":4},"end":{"line":39,"column":5}},"17":{"start":{"line":38,"column":8},"end":{"line":38,"column":15}},"18":{"start":{"line":40,"column":4},"end":{"line":46,"column":7}},"19":{"start":{"line":41,"column":8},"end":{"line":45,"column":9}},"20":{"start":{"line":42,"column":12},"end":{"line":42,"column":33}},"21":{"start":{"line":44,"column":12},"end":{"line":44,"column":23}},"22":{"start":{"line":50,"column":21},"end":{"line":58,"column":5}},"23":{"start":{"line":51,"column":8},"end":{"line":57,"column":9}},"24":{"start":{"line":52,"column":12},"end":{"line":52,"column":36}},"25":{"start":{"line":54,"column":12},"end":{"line":54,"column":24}},"26":{"start":{"line":56,"column":12},"end":{"line":56,"column":32}},"27":{"start":{"line":59,"column":4},"end":{"line":62,"column":5}},"28":{"start":{"line":61,"column":8},"end":{"line":61,"column":19}},"29":{"start":{"line":63,"column":4},"end":{"line":63,"column":43}},"30":{"start":{"line":65,"column":4},"end":{"line":65,"column":20}}},"fnMap":{"0":{"name":"track","decl":{"start":{"line":7,"column":16},"end":{"line":7,"column":21}},"loc":{"start":{"line":7,"column":41},"end":{"line":24,"column":1}},"line":7},"1":{"name":"trigger","decl":{"start":{"line":29,"column":16},"end":{"line":29,"column":23}},"loc":{"start":{"line":29,"column":43},"end":{"line":47,"column":1}},"line":29},"2":{"name":"(anonymous_2)","decl":{"start":{"line":40,"column":17},"end":{"line":40,"column":18}},"loc":{"start":{"line":40,"column":31},"end":{"line":46,"column":5}},"line":40},"3":{"name":"effect","decl":{"start":{"line":49,"column":16},"end":{"line":49,"column":22}},"loc":{"start":{"line":49,"column":41},"end":{"line":66,"column":1}},"line":49},"4":{"name":"(anonymous_4)","decl":{"start":{"line":50,"column":21},"end":{"line":50,"column":22}},"loc":{"start":{"line":50,"column":27},"end":{"line":58,"column":5}},"line":50}},"branchMap":{"0":{"loc":{"start":{"line":11,"column":4},"end":{"line":14,"column":5}},"type":"if","locations":[{"start":{"line":11,"column":4},"end":{"line":14,"column":5}},{"start":{},"end":{}}],"line":11},"1":{"loc":{"start":{"line":16,"column":4},"end":{"line":18,"column":5}},"type":"if","locations":[{"start":{"line":16,"column":4},"end":{"line":18,"column":5}},{"start":{},"end":{}}],"line":16},"2":{"loc":{"start":{"line":19,"column":4},"end":{"line":22,"column":5}},"type":"if","locations":[{"start":{"line":19,"column":4},"end":{"line":22,"column":5}},{"start":{},"end":{}}],"line":19},"3":{"loc":{"start":{"line":19,"column":8},"end":{"line":19,"column":47}},"type":"binary-expr","locations":[{"start":{"line":19,"column":8},"end":{"line":19,"column":31}},{"start":{"line":19,"column":35},"end":{"line":19,"column":47}}],"line":19},"4":{"loc":{"start":{"line":33,"column":4},"end":{"line":35,"column":5}},"type":"if","locations":[{"start":{"line":33,"column":4},"end":{"line":35,"column":5}},{"start":{},"end":{}}],"line":33},"5":{"loc":{"start":{"line":37,"column":4},"end":{"line":39,"column":5}},"type":"if","locations":[{"start":{"line":37,"column":4},"end":{"line":39,"column":5}},{"start":{},"end":{}}],"line":37},"6":{"loc":{"start":{"line":41,"column":8},"end":{"line":45,"column":9}},"type":"if","locations":[{"start":{"line":41,"column":8},"end":{"line":45,"column":9}},{"start":{"line":43,"column":15},"end":{"line":45,"column":9}}],"line":41},"7":{"loc":{"start":{"line":49,"column":27},"end":{"line":49,"column":39}},"type":"default-arg","locations":[{"start":{"line":49,"column":37},"end":{"line":49,"column":39}}],"line":49},"8":{"loc":{"start":{"line":59,"column":4},"end":{"line":62,"column":5}},"type":"if","locations":[{"start":{"line":59,"column":4},"end":{"line":62,"column":5}},{"start":{},"end":{}}],"line":59}},"s":{"0":1,"1":9,"2":9,"3":9,"4":1,"5":9,"6":9,"7":1,"8":9,"9":2,"10":9,"11":2,"12":2,"13":2,"14":0,"15":2,"16":2,"17":0,"18":2,"19":4,"20":0,"21":4,"22":2,"23":6,"24":6,"25":6,"26":6,"27":2,"28":2,"29":2,"30":2},"f":{"0":9,"1":2,"2":4,"3":2,"4":6},"b":{"0":[1,8],"1":[1,8],"2":[2,7],"3":[9,5],"4":[0,2],"5":[0,2],"6":[0,4],"7":[2],"8":[2,0]},"_coverageSchema":"1a1c01bbd47fc00a2c39e90264f33305004495a9","hash":"79a1d6a7d577228419407d92898639cd95dd64f0"}
,"/Users/ying.ye/CodeProjects/learnFE/learn_vue3/vuejs/weiyouyi/src/reactivity/reactive.js": {"path":"/Users/ying.ye/CodeProjects/learnFE/learn_vue3/vuejs/weiyouyi/src/reactivity/reactive.js","statementMap":{"0":{"start":{"line":3,"column":24},"end":{"line":9,"column":1}},"1":{"start":{"line":4,"column":4},"end":{"line":7,"column":5}},"2":{"start":{"line":5,"column":8},"end":{"line":5,"column":51}},"3":{"start":{"line":6,"column":8},"end":{"line":6,"column":22}},"4":{"start":{"line":8,"column":4},"end":{"line":8,"column":46}},"5":{"start":{"line":11,"column":31},"end":{"line":17,"column":1}},"6":{"start":{"line":12,"column":4},"end":{"line":15,"column":5}},"7":{"start":{"line":13,"column":8},"end":{"line":13,"column":51}},"8":{"start":{"line":14,"column":8},"end":{"line":14,"column":22}},"9":{"start":{"line":16,"column":4},"end":{"line":16,"column":53}}},"fnMap":{"0":{"name":"(anonymous_0)","decl":{"start":{"line":3,"column":24},"end":{"line":3,"column":25}},"loc":{"start":{"line":3,"column":34},"end":{"line":9,"column":1}},"line":3},"1":{"name":"(anonymous_1)","decl":{"start":{"line":11,"column":31},"end":{"line":11,"column":32}},"loc":{"start":{"line":11,"column":41},"end":{"line":17,"column":1}},"line":11}},"branchMap":{"0":{"loc":{"start":{"line":4,"column":4},"end":{"line":7,"column":5}},"type":"if","locations":[{"start":{"line":4,"column":4},"end":{"line":7,"column":5}},{"start":{},"end":{}}],"line":4},"1":{"loc":{"start":{"line":12,"column":4},"end":{"line":15,"column":5}},"type":"if","locations":[{"start":{"line":12,"column":4},"end":{"line":15,"column":5}},{"start":{},"end":{}}],"line":12}},"s":{"0":1,"1":1,"2":0,"3":0,"4":1,"5":1,"6":0,"7":0,"8":0,"9":0},"f":{"0":1,"1":0},"b":{"0":[0,1],"1":[0,0]},"_coverageSchema":"1a1c01bbd47fc00a2c39e90264f33305004495a9","hash":"b37992d0d6f9ef6ab3145c1fe4aa5b982e44aa95"}
,"/Users/ying.ye/CodeProjects/learnFE/learn_vue3/vuejs/weiyouyi/src/shared/index.js": {"path":"/Users/ying.ye/CodeProjects/learnFE/learn_vue3/vuejs/weiyouyi/src/shared/index.js","statementMap":{"0":{"start":{"line":2,"column":4},"end":{"line":2,"column":50}}},"fnMap":{"0":{"name":"isObject","decl":{"start":{"line":1,"column":16},"end":{"line":1,"column":24}},"loc":{"start":{"line":1,"column":30},"end":{"line":3,"column":1}},"line":1}},"branchMap":{"0":{"loc":{"start":{"line":2,"column":11},"end":{"line":2,"column":50}},"type":"binary-expr","locations":[{"start":{"line":2,"column":11},"end":{"line":2,"column":34}},{"start":{"line":2,"column":38},"end":{"line":2,"column":50}}],"line":2}},"s":{"0":9},"f":{"0":9},"b":{"0":[9,0]},"_coverageSchema":"1a1c01bbd47fc00a2c39e90264f33305004495a9","hash":"e84f6db97c52338d20df61d6e00b894881a9bc5c"}
}
