TN:
SF:src/add.ts
FN:1,add
FNF:1
FNH:1
FNDA:2,add
DA:1,2
DA:2,2
DA:3,2
LF:3
LH:3
BRDA:1,0,0,2
BRDA:2,1,0,2
BRF:2
BRH:2
end_of_record
TN:
SF:src/getTopics.ts
FN:5,getTopics
FNF:1
FNH:1
FNDA:1,getTopics
DA:1,1
DA:2,1
DA:3,1
DA:4,1
DA:5,1
DA:6,1
DA:7,1
DA:8,1
LF:8
LH:8
BRDA:5,0,0,1
BRF:1
BRH:1
end_of_record
TN:
SF:src/myForEach.ts
FN:1,myForEach
FNF:1
FNH:1
FNDA:1,myForEach
DA:1,1
DA:2,1
DA:3,2
DA:4,2
DA:5,1
LF:5
LH:5
BRDA:1,0,0,1
BRDA:2,1,0,2
BRF:2
BRH:2
end_of_record
TN:
SF:src/person.ts
FN:4,Person
FN:9,say
FNF:2
FNH:1
FNDA:1,Person
FNDA:0,say
DA:1,1
DA:2,1
DA:3,1
DA:4,1
DA:5,1
DA:6,1
DA:7,1
DA:8,1
DA:9,1
DA:10,0
DA:11,0
DA:12,1
LF:12
LH:10
BRDA:4,0,0,1
BRF:1
BRH:1
end_of_record
